
[2019-02-21T14:17:07.922] [ERROR] error_log - Email send is failed to amilavidurangawelikala@gmail.com, due to error:- Forbidden (403)
  You have exceeded your messaging limits
    null
    null
[2019-02-21T14:17:08.017] [ERROR] error_log - Email send is failed to amilavidurangawelikala@gmail.com, due to error:- Forbidden (403)
  You have exceeded your messaging limits
    null
    null
[2019-02-21T14:17:08.017] [ERROR] error_log - Error:- Forbidden (403)
  You have exceeded your messaging limits
    null
    null
[2019-02-21T14:17:08.103] [ERROR] error_log - Email send is failed to amilawelikala99@gmail.com, due to error:- Forbidden (403)
  You have exceeded your messaging limits
    null
    null
[2019-02-21T14:17:08.246] [ERROR] error_log - Email send is failed to amilavidurangawelikala@gmail.com, due to error:- Forbidden (403)
  You have exceeded your messaging limits
    null
    null
[2019-02-21T14:17:08.246] [ERROR] error_log - Error:- Forbidden (403)
  You have exceeded your messaging limits
    null
    null
[2019-02-21T14:17:08.255] [ERROR] error_log - Email send is failed to amilawelikala99@gmail.com, due to error:- Forbidden (403)
  You have exceeded your messaging limits
    null
    null
[2019-02-21T14:17:08.363] [ERROR] error_log - Email send is failed to amilawelikala99@gmail.com, due to error:- Forbidden (403)
  You have exceeded your messaging limits
    null
    null
[2019-02-21T14:17:08.364] [ERROR] error_log - Error:- Forbidden (403)
  You have exceeded your messaging limits
    null
    null
[2019-02-21T14:17:08.419] [ERROR] error_log - Email send is failed to amilavidurangawelikala@gmail.com, due to error:- Forbidden (403)
  You have exceeded your messaging limits
    null
    null
[2019-02-21T14:17:08.558] [ERROR] error_log - Email send is failed to amilawelikala99@gmail.com, due to error:- Forbidden (403)
  You have exceeded your messaging limits
    null
    null
[2019-02-21T14:17:08.559] [ERROR] error_log - Error:- Forbidden (403)
  You have exceeded your messaging limits
    null
    null
[2019-02-21T14:17:08.607] [ERROR] error_log - Email send is failed to amilavidurangawelikala@gmail.com, due to error:- Forbidden (403)
  You have exceeded your messaging limits
    null
    null
[2019-02-21T14:17:08.663] [ERROR] error_log - Email send is failed to amilawelikala99@gmail.com, due to error:- Forbidden (403)
  You have exceeded your messaging limits
    null
    null
[2019-02-21T14:17:08.664] [ERROR] error_log - Error:- Forbidden (403)
  You have exceeded your messaging limits
    null
    null
[2019-02-21T14:17:08.708] [ERROR] error_log - Email send is failed to amilavidurangawelikala@gmail.com, due to error:- Forbidden (403)
  You have exceeded your messaging limits
    null
    null
[2019-02-21T14:17:08.922] [ERROR] error_log - Email send is failed to amilavidurangawelikala@gmail.com, due to error:- Forbidden (403)
  You have exceeded your messaging limits
    null
    null
[2019-02-21T14:17:08.922] [ERROR] error_log - Error:- Forbidden (403)
  You have exceeded your messaging limits
    null
    null
[2019-02-21T14:17:08.959] [ERROR] error_log - Email send is failed to amilawelikala99@gmail.com, due to error:- Forbidden (403)
  You have exceeded your messaging limits
    null
    null
[2019-02-21T14:17:09.080] [ERROR] error_log - Email send is failed to amilawelikala99@gmail.com, due to error:- Forbidden (403)
  You have exceeded your messaging limits
    null
    null
[2019-02-21T14:17:09.081] [ERROR] error_log - Error:- Forbidden (403)
  You have exceeded your messaging limits
    null
    null
[2019-02-21T14:17:09.100] [ERROR] error_log - Email send is failed to amilavidurangawelikala@gmail.com, due to error:- Forbidden (403)
  You have exceeded your messaging limits
    null
    null
[2019-02-21T14:17:09.259] [ERROR] error_log - Email send is failed to amilawelikala99@gmail.com, due to error:- Forbidden (403)
  You have exceeded your messaging limits
    null
    null
[2019-02-21T14:17:09.260] [ERROR] error_log - Error:- Forbidden (403)
  You have exceeded your messaging limits
    null
    null
[2019-02-21T14:17:09.331] [ERROR] error_log - Email send is failed to amilavidurangawelikala@gmail.com, due to error:- Forbidden (403)
  You have exceeded your messaging limits
    null
    null
[2019-02-21T14:17:09.377] [ERROR] error_log - Email send is failed to amilawelikala99@gmail.com, due to error:- Forbidden (403)
  You have exceeded your messaging limits
    null
    null
[2019-02-21T14:17:09.377] [ERROR] error_log - Error:- Forbidden (403)
  You have exceeded your messaging limits
    null
    null
[2019-02-21T14:17:09.458] [ERROR] error_log - Email send is failed to amilavidurangawelikala@gmail.com, due to error:- Forbidden (403)
  You have exceeded your messaging limits
    null
    null
[2019-02-21T14:17:09.600] [ERROR] error_log - Email send is failed to amilavidurangawelikala@gmail.com, due to error:- Forbidden (403)
  You have exceeded your messaging limits
    null
    null
[2019-02-21T14:17:09.600] [ERROR] error_log - Error:- Forbidden (403)
  You have exceeded your messaging limits
    null
    null
[2019-02-21T14:17:09.603] [ERROR] error_log - Email send is failed to amilawelikala99@gmail.com, due to error:- Forbidden (403)
  You have exceeded your messaging limits
    null
    null
[2019-02-21T14:17:09.750] [ERROR] error_log - Email send is failed to amilawelikala99@gmail.com, due to error:- Forbidden (403)
  You have exceeded your messaging limits
    null
    null
[2019-02-21T14:17:09.750] [ERROR] error_log - Error:- Forbidden (403)
  You have exceeded your messaging limits
    null
    null
[2019-02-21T14:17:09.845] [ERROR] error_log - Email send is failed to amilavidurangawelikala@gmail.com, due to error:- Forbidden (403)
  You have exceeded your messaging limits
    null
    null
[2019-02-21T14:17:09.877] [ERROR] error_log - Email send is failed to amilawelikala99@gmail.com, due to error:- Forbidden (403)
  You have exceeded your messaging limits
    null
    null
[2019-02-21T14:17:09.877] [ERROR] error_log - Error:- Forbidden (403)
  You have exceeded your messaging limits
    null
    null
[2019-02-21T14:17:09.899] [ERROR] error_log - Email send is failed to amilavidurangawelikala@gmail.com, due to error:- Forbidden (403)
  You have exceeded your messaging limits
    null
    null
[2019-02-21T14:17:10.062] [ERROR] error_log - Email send is failed to amilawelikala99@gmail.com, due to error:- Forbidden (403)
  You have exceeded your messaging limits
    null
    null
[2019-02-21T14:17:10.062] [ERROR] error_log - Error:- Forbidden (403)
  You have exceeded your messaging limits
    null
    null
[2019-02-21T14:17:10.077] [ERROR] error_log - Email send is failed to amilavidurangawelikala@gmail.com, due to error:- Forbidden (403)
  You have exceeded your messaging limits
    null
    null
[2019-02-21T14:17:10.216] [ERROR] error_log - Email send is failed to amilawelikala99@gmail.com, due to error:- Forbidden (403)
  You have exceeded your messaging limits
    null
    null
[2019-02-21T14:17:10.216] [ERROR] error_log - Error:- Forbidden (403)
  You have exceeded your messaging limits
    null
    null
[2019-02-21T14:17:10.225] [ERROR] error_log - Email send is failed to amilavidurangawelikala@gmail.com, due to error:- Forbidden (403)
  You have exceeded your messaging limits
    null
    null
[2019-02-21T14:17:10.370] [ERROR] error_log - Email send is failed to amilavidurangawelikala@gmail.com, due to error:- Forbidden (403)
  You have exceeded your messaging limits
    null
    null
[2019-02-21T14:17:10.371] [ERROR] error_log - Error:- Forbidden (403)
  You have exceeded your messaging limits
    null
    null
[2019-02-21T14:17:10.376] [ERROR] error_log - Email send is failed to amilawelikala99@gmail.com, due to error:- Forbidden (403)
  You have exceeded your messaging limits
    null
    null
[2019-02-21T14:17:10.529] [ERROR] error_log - Email send is failed to amilavidurangawelikala@gmail.com, due to error:- Forbidden (403)
  You have exceeded your messaging limits
    null
    null
[2019-02-21T14:17:10.529] [ERROR] error_log - Error:- Forbidden (403)
  You have exceeded your messaging limits
    null
    null
[2019-02-21T14:17:10.530] [ERROR] error_log - Email send is failed to amilawelikala99@gmail.com, due to error:- Forbidden (403)
  You have exceeded your messaging limits
    null
    null
[2019-02-21T14:17:10.850] [ERROR] error_log - Email send is failed to amilavidurangawelikala@gmail.com, due to error:- Forbidden (403)
  You have exceeded your messaging limits
    null
    null
[2019-02-21T14:17:10.850] [ERROR] error_log - Error:- Forbidden (403)
  You have exceeded your messaging limits
    null
    null
[2019-02-21T14:17:10.857] [ERROR] error_log - Email send is failed to amilawelikala99@gmail.com, due to error:- Forbidden (403)
  You have exceeded your messaging limits
    null
    null
[2019-02-21T14:17:10.988] [ERROR] error_log - Email send is failed to amilawelikala99@gmail.com, due to error:- Forbidden (403)
  You have exceeded your messaging limits
    null
    null
[2019-02-21T14:17:10.988] [ERROR] error_log - Error:- Forbidden (403)
  You have exceeded your messaging limits
    null
    null
[2019-02-21T14:17:11.010] [ERROR] error_log - Email send is failed to amilavidurangawelikala@gmail.com, due to error:- Forbidden (403)
  You have exceeded your messaging limits
    null
    null
[2019-02-21T14:17:11.143] [ERROR] error_log - Email send is failed to amilawelikala99@gmail.com, due to error:- Forbidden (403)
  You have exceeded your messaging limits
    null
    null
[2019-02-21T14:17:11.143] [ERROR] error_log - Error:- Forbidden (403)
  You have exceeded your messaging limits
    null
    null
[2019-02-21T14:17:11.146] [ERROR] error_log - Email send is failed to amilavidurangawelikala@gmail.com, due to error:- Forbidden (403)
  You have exceeded your messaging limits
    null
    null
[2019-02-21T14:17:11.262] [ERROR] error_log - Email send is failed to amilawelikala99@gmail.com, due to error:- Forbidden (403)
  You have exceeded your messaging limits
    null
    null
[2019-02-21T14:17:11.262] [ERROR] error_log - Error:- Forbidden (403)
  You have exceeded your messaging limits
    null
    null
[2019-02-21T14:17:11.274] [ERROR] error_log - Email send is failed to amilavidurangawelikala@gmail.com, due to error:- Forbidden (403)
  You have exceeded your messaging limits
    null
    null
[2019-02-21T14:17:11.410] [ERROR] error_log - Email send is failed to amilawelikala99@gmail.com, due to error:- Forbidden (403)
  You have exceeded your messaging limits
    null
    null
[2019-02-21T14:17:11.410] [ERROR] error_log - Error:- Forbidden (403)
  You have exceeded your messaging limits
    null
    null
[2019-02-21T14:17:11.421] [ERROR] error_log - Email send is failed to amilavidurangawelikala@gmail.com, due to error:- Forbidden (403)
  You have exceeded your messaging limits
    null
    null
[2019-02-21T14:17:11.594] [ERROR] error_log - Email send is failed to amilavidurangawelikala@gmail.com, due to error:- Forbidden (403)
  You have exceeded your messaging limits
    null
    null
[2019-02-21T14:17:11.594] [ERROR] error_log - Error:- Forbidden (403)
  You have exceeded your messaging limits
    null
    null
[2019-02-21T14:17:11.596] [ERROR] error_log - Email send is failed to amilawelikala99@gmail.com, due to error:- Forbidden (403)
  You have exceeded your messaging limits
    null
    null
[2019-02-21T14:17:11.716] [ERROR] error_log - Email send is failed to amilawelikala99@gmail.com, due to error:- Forbidden (403)
  You have exceeded your messaging limits
    null
    null
[2019-02-21T14:17:11.716] [ERROR] error_log - Error:- Forbidden (403)
  You have exceeded your messaging limits
    null
    null
[2019-02-21T14:17:11.739] [ERROR] error_log - Email send is failed to amilavidurangawelikala@gmail.com, due to error:- Forbidden (403)
  You have exceeded your messaging limits
    null
    null
[2019-02-21T14:17:11.895] [ERROR] error_log - Email send is failed to amilavidurangawelikala@gmail.com, due to error:- Forbidden (403)
  You have exceeded your messaging limits
    null
    null
[2019-02-21T14:17:11.895] [ERROR] error_log - Error:- Forbidden (403)
  You have exceeded your messaging limits
    null
    null
[2019-02-21T14:17:11.899] [ERROR] error_log - Email send is failed to amilawelikala99@gmail.com, due to error:- Forbidden (403)
  You have exceeded your messaging limits
    null
    null
[2019-02-21T14:17:12.049] [ERROR] error_log - Email send is failed to amilavidurangawelikala@gmail.com, due to error:- Forbidden (403)
  You have exceeded your messaging limits
    null
    null
[2019-02-21T14:17:12.049] [ERROR] error_log - Error:- Forbidden (403)
  You have exceeded your messaging limits
    null
    null
[2019-02-21T14:17:12.050] [ERROR] error_log - Email send is failed to amilawelikala99@gmail.com, due to error:- Forbidden (403)
  You have exceeded your messaging limits
    null
    null
[2019-02-21T14:17:12.267] [ERROR] error_log - Email send is failed to amilawelikala99@gmail.com, due to error:- Forbidden (403)
  You have exceeded your messaging limits
    null
    null
[2019-02-21T14:17:12.267] [ERROR] error_log - Error:- Forbidden (403)
  You have exceeded your messaging limits
    null
    null
[2019-02-21T14:17:12.300] [ERROR] error_log - Email send is failed to amilavidurangawelikala@gmail.com, due to error:- Forbidden (403)
  You have exceeded your messaging limits
    null
    null
[2019-02-21T14:17:12.343] [ERROR] error_log - Email send is failed to amilawelikala99@gmail.com, due to error:- Forbidden (403)
  You have exceeded your messaging limits
    null
    null
[2019-02-21T14:17:12.343] [ERROR] error_log - Error:- Forbidden (403)
  You have exceeded your messaging limits
    null
    null
[2019-02-21T14:17:12.347] [ERROR] error_log - Email send is failed to amilavidurangawelikala@gmail.com, due to error:- Forbidden (403)
  You have exceeded your messaging limits
    null
    null
[2019-02-21T14:17:12.510] [ERROR] error_log - Email send is failed to amilavidurangawelikala@gmail.com, due to error:- Forbidden (403)
  You have exceeded your messaging limits
    null
    null
[2019-02-21T14:17:12.511] [ERROR] error_log - Error:- Forbidden (403)
  You have exceeded your messaging limits
    null
    null
[2019-02-21T14:17:12.566] [ERROR] error_log - Email send is failed to amilawelikala99@gmail.com, due to error:- Forbidden (403)
  You have exceeded your messaging limits
    null
    null
[2019-02-21T14:17:12.699] [ERROR] error_log - Email send is failed to amilavidurangawelikala@gmail.com, due to error:- Forbidden (403)
  You have exceeded your messaging limits
    null
    null
[2019-02-21T14:17:12.699] [ERROR] error_log - Error:- Forbidden (403)
  You have exceeded your messaging limits
    null
    null
[2019-02-21T14:17:12.708] [ERROR] error_log - Email send is failed to amilawelikala99@gmail.com, due to error:- Forbidden (403)
  You have exceeded your messaging limits
    null
    null
[2019-02-21T14:17:12.902] [ERROR] error_log - Email send is failed to amilawelikala99@gmail.com, due to error:- Forbidden (403)
  You have exceeded your messaging limits
    null
    null
[2019-02-21T14:17:12.902] [ERROR] error_log - Error:- Forbidden (403)
  You have exceeded your messaging limits
    null
    null
[2019-02-21T14:17:12.902] [ERROR] error_log - Email send is failed to amilavidurangawelikala@gmail.com, due to error:- Forbidden (403)
  You have exceeded your messaging limits
    null
    null
[2019-02-21T14:17:13.139] [ERROR] error_log - Email send is failed to amilawelikala99@gmail.com, due to error:- Forbidden (403)
  You have exceeded your messaging limits
    null
    null
[2019-02-21T14:17:13.139] [ERROR] error_log - Error:- Forbidden (403)
  You have exceeded your messaging limits
    null
    null
[2019-02-21T14:17:13.142] [ERROR] error_log - Email send is failed to amilavidurangawelikala@gmail.com, due to error:- Forbidden (403)
  You have exceeded your messaging limits
    null
    null
[2019-02-21T14:17:13.211] [ERROR] error_log - Email send is failed to amilawelikala99@gmail.com, due to error:- Forbidden (403)
  You have exceeded your messaging limits
    null
    null
[2019-02-21T14:17:13.211] [ERROR] error_log - Error:- Forbidden (403)
  You have exceeded your messaging limits
    null
    null
[2019-02-21T14:17:13.212] [ERROR] error_log - Email send is failed to amilavidurangawelikala@gmail.com, due to error:- Forbidden (403)
  You have exceeded your messaging limits
    null
    null
[2019-02-21T14:17:13.398] [ERROR] error_log - Email send is failed to amilawelikala99@gmail.com, due to error:- Forbidden (403)
  You have exceeded your messaging limits
    null
    null
[2019-02-21T14:17:13.398] [ERROR] error_log - Error:- Forbidden (403)
  You have exceeded your messaging limits
    null
    null
[2019-02-21T14:17:13.407] [ERROR] error_log - Email send is failed to amilavidurangawelikala@gmail.com, due to error:- Forbidden (403)
  You have exceeded your messaging limits
    null
    null
[2019-02-21T14:17:13.598] [ERROR] error_log - Email send is failed to amilavidurangawelikala@gmail.com, due to error:- Forbidden (403)
  You have exceeded your messaging limits
    null
    null
[2019-02-21T14:17:13.598] [ERROR] error_log - Error:- Forbidden (403)
  You have exceeded your messaging limits
    null
    null
[2019-02-21T14:17:13.628] [ERROR] error_log - Email send is failed to amilawelikala99@gmail.com, due to error:- Forbidden (403)
  You have exceeded your messaging limits
    null
    null
[2019-02-21T14:17:13.740] [ERROR] error_log - Email send is failed to amilawelikala99@gmail.com, due to error:- Forbidden (403)
  You have exceeded your messaging limits
    null
    null
[2019-02-21T14:17:13.740] [ERROR] error_log - Error:- Forbidden (403)
  You have exceeded your messaging limits
    null
    null
[2019-02-21T14:17:13.741] [ERROR] error_log - Email send is failed to amilavidurangawelikala@gmail.com, due to error:- Forbidden (403)
  You have exceeded your messaging limits
    null
    null
[2019-02-21T14:17:13.938] [ERROR] error_log - Email send is failed to amilawelikala99@gmail.com, due to error:- Forbidden (403)
  You have exceeded your messaging limits
    null
    null
[2019-02-21T14:17:13.939] [ERROR] error_log - Error:- Forbidden (403)
  You have exceeded your messaging limits
    null
    null
[2019-02-21T14:17:13.941] [ERROR] error_log - Email send is failed to amilavidurangawelikala@gmail.com, due to error:- Forbidden (403)
  You have exceeded your messaging limits
    null
    null
[2019-02-21T14:17:14.051] [ERROR] error_log - Email send is failed to amilawelikala99@gmail.com, due to error:- Forbidden (403)
  You have exceeded your messaging limits
    null
    null
[2019-02-21T14:17:14.052] [ERROR] error_log - Error:- Forbidden (403)
  You have exceeded your messaging limits
    null
    null
[2019-02-21T14:17:14.102] [ERROR] error_log - Email send is failed to amilavidurangawelikala@gmail.com, due to error:- Forbidden (403)
  You have exceeded your messaging limits
    null
    null
[2019-02-21T14:17:14.282] [ERROR] error_log - Email send is failed to amilawelikala99@gmail.com, due to error:- Forbidden (403)
  You have exceeded your messaging limits
    null
    null
[2019-02-21T14:17:14.283] [ERROR] error_log - Error:- Forbidden (403)
  You have exceeded your messaging limits
    null
    null
[2019-02-21T14:17:14.285] [ERROR] error_log - Email send is failed to amilavidurangawelikala@gmail.com, due to error:- Forbidden (403)
  You have exceeded your messaging limits
    null
    null
[2019-02-21T14:17:14.406] [ERROR] error_log - Email send is failed to amilawelikala99@gmail.com, due to error:- Forbidden (403)
  You have exceeded your messaging limits
    null
    null
[2019-02-21T14:17:14.406] [ERROR] error_log - Error:- Forbidden (403)
  You have exceeded your messaging limits
    null
    null
[2019-02-21T14:17:14.416] [ERROR] error_log - Email send is failed to amilavidurangawelikala@gmail.com, due to error:- Forbidden (403)
  You have exceeded your messaging limits
    null
    null
[2019-02-21T14:17:14.519] [ERROR] error_log - Email send is failed to amilawelikala99@gmail.com, due to error:- Forbidden (403)
  You have exceeded your messaging limits
    null
    null
[2019-02-21T14:17:14.519] [ERROR] error_log - Error:- Forbidden (403)
  You have exceeded your messaging limits
    null
    null
[2019-02-21T14:17:14.578] [ERROR] error_log - Email send is failed to amilavidurangawelikala@gmail.com, due to error:- Forbidden (403)
  You have exceeded your messaging limits
    null
    null
[2019-02-21T14:17:14.752] [ERROR] error_log - Email send is failed to amilawelikala99@gmail.com, due to error:- Forbidden (403)
  You have exceeded your messaging limits
    null
    null
[2019-02-21T14:17:14.753] [ERROR] error_log - Error:- Forbidden (403)
  You have exceeded your messaging limits
    null
    null
[2019-02-21T14:17:14.778] [ERROR] error_log - Email send is failed to amilavidurangawelikala@gmail.com, due to error:- Forbidden (403)
  You have exceeded your messaging limits
    null
    null
[2019-02-21T14:17:14.962] [ERROR] error_log - Email send is failed to amilawelikala99@gmail.com, due to error:- Forbidden (403)
  You have exceeded your messaging limits
    null
    null
[2019-02-21T14:17:14.962] [ERROR] error_log - Error:- Forbidden (403)
  You have exceeded your messaging limits
    null
    null
[2019-02-21T14:17:14.963] [ERROR] error_log - Email send is failed to amilavidurangawelikala@gmail.com, due to error:- Forbidden (403)
  You have exceeded your messaging limits
    null
    null
[2019-02-21T14:17:15.107] [ERROR] error_log - Email send is failed to amilavidurangawelikala@gmail.com, due to error:- Forbidden (403)
  You have exceeded your messaging limits
    null
    null
[2019-02-21T14:17:15.108] [ERROR] error_log - Error:- Forbidden (403)
  You have exceeded your messaging limits
    null
    null
[2019-02-21T14:17:15.110] [ERROR] error_log - Email send is failed to amilawelikala99@gmail.com, due to error:- Forbidden (403)
  You have exceeded your messaging limits
    null
    null
[2019-02-21T14:17:15.282] [ERROR] error_log - Email send is failed to amilawelikala99@gmail.com, due to error:- Forbidden (403)
  You have exceeded your messaging limits
    null
    null
[2019-02-21T14:17:15.282] [ERROR] error_log - Error:- Forbidden (403)
  You have exceeded your messaging limits
    null
    null
[2019-02-21T14:17:15.333] [ERROR] error_log - Email send is failed to amilavidurangawelikala@gmail.com, due to error:- Forbidden (403)
  You have exceeded your messaging limits
    null
    null
[2019-02-21T14:17:15.526] [ERROR] error_log - Email send is failed to amilavidurangawelikala@gmail.com, due to error:- Forbidden (403)
  You have exceeded your messaging limits
    null
    null
[2019-02-21T14:17:15.526] [ERROR] error_log - Error:- Forbidden (403)
  You have exceeded your messaging limits
    null
    null
[2019-02-21T14:17:15.551] [ERROR] error_log - Email send is failed to amilawelikala99@gmail.com, due to error:- Forbidden (403)
  You have exceeded your messaging limits
    null
    null
[2019-02-21T14:17:15.571] [ERROR] error_log - Email send is failed to amilavidurangawelikala@gmail.com, due to error:- Forbidden (403)
  You have exceeded your messaging limits
    null
    null
[2019-02-21T14:17:15.571] [ERROR] error_log - Error:- Forbidden (403)
  You have exceeded your messaging limits
    null
    null
[2019-02-21T14:17:15.642] [ERROR] error_log - Email send is failed to amilawelikala99@gmail.com, due to error:- Forbidden (403)
  You have exceeded your messaging limits
    null
    null
[2019-02-21T14:17:15.785] [ERROR] error_log - Email send is failed to amilavidurangawelikala@gmail.com, due to error:- Forbidden (403)
  You have exceeded your messaging limits
    null
    null
[2019-02-21T14:17:15.785] [ERROR] error_log - Error:- Forbidden (403)
  You have exceeded your messaging limits
    null
    null
[2019-02-21T14:17:15.797] [ERROR] error_log - Email send is failed to amilawelikala99@gmail.com, due to error:- Forbidden (403)
  You have exceeded your messaging limits
    null
    null
[2019-02-21T14:17:15.941] [ERROR] error_log - Email send is failed to amilawelikala99@gmail.com, due to error:- Forbidden (403)
  You have exceeded your messaging limits
    null
    null
[2019-02-21T14:17:15.941] [ERROR] error_log - Error:- Forbidden (403)
  You have exceeded your messaging limits
    null
    null
[2019-02-21T14:17:15.943] [ERROR] error_log - Email send is failed to amilavidurangawelikala@gmail.com, due to error:- Forbidden (403)
  You have exceeded your messaging limits
    null
    null
[2019-02-21T14:17:16.056] [ERROR] error_log - Email send is failed to amilavidurangawelikala@gmail.com, due to error:- Forbidden (403)
  You have exceeded your messaging limits
    null
    null
[2019-02-21T14:17:16.056] [ERROR] error_log - Error:- Forbidden (403)
  You have exceeded your messaging limits
    null
    null
[2019-02-21T14:17:16.066] [ERROR] error_log - Email send is failed to amilawelikala99@gmail.com, due to error:- Forbidden (403)
  You have exceeded your messaging limits
    null
    null
[2019-02-21T14:17:16.178] [ERROR] error_log - Email send is failed to amilavidurangawelikala@gmail.com, due to error:- Forbidden (403)
  You have exceeded your messaging limits
    null
    null
[2019-02-21T14:17:16.180] [ERROR] error_log - Error:- Forbidden (403)
  You have exceeded your messaging limits
    null
    null
[2019-02-21T14:17:16.197] [ERROR] error_log - Email send is failed to amilawelikala99@gmail.com, due to error:- Forbidden (403)
  You have exceeded your messaging limits
    null
    null
[2019-02-21T14:17:16.420] [ERROR] error_log - Email send is failed to amilavidurangawelikala@gmail.com, due to error:- Forbidden (403)
  You have exceeded your messaging limits
    null
    null
[2019-02-21T14:17:16.421] [ERROR] error_log - Error:- Forbidden (403)
  You have exceeded your messaging limits
    null
    null
[2019-02-21T14:17:16.440] [ERROR] error_log - Email send is failed to amilawelikala99@gmail.com, due to error:- Forbidden (403)
  You have exceeded your messaging limits
    null
    null
[2019-02-21T14:17:16.537] [ERROR] error_log - Email send is failed to amilawelikala99@gmail.com, due to error:- Forbidden (403)
  You have exceeded your messaging limits
    null
    null
[2019-02-21T14:17:16.538] [ERROR] error_log - Error:- Forbidden (403)
  You have exceeded your messaging limits
    null
    null
[2019-02-21T14:17:16.614] [ERROR] error_log - Email send is failed to amilavidurangawelikala@gmail.com, due to error:- Forbidden (403)
  You have exceeded your messaging limits
    null
    null
[2019-02-21T14:17:16.705] [ERROR] error_log - Email send is failed to amilawelikala99@gmail.com, due to error:- Forbidden (403)
  You have exceeded your messaging limits
    null
    null
[2019-02-21T14:17:16.705] [ERROR] error_log - Error:- Forbidden (403)
  You have exceeded your messaging limits
    null
    null
[2019-02-21T14:17:16.744] [ERROR] error_log - Email send is failed to amilavidurangawelikala@gmail.com, due to error:- Forbidden (403)
  You have exceeded your messaging limits
    null
    null
[2019-02-21T14:17:16.933] [ERROR] error_log - Email send is failed to amilawelikala99@gmail.com, due to error:- Forbidden (403)
  You have exceeded your messaging limits
    null
    null
[2019-02-21T14:17:16.934] [ERROR] error_log - Error:- Forbidden (403)
  You have exceeded your messaging limits
    null
    null
[2019-02-21T14:17:16.971] [ERROR] error_log - Email send is failed to amilavidurangawelikala@gmail.com, due to error:- Forbidden (403)
  You have exceeded your messaging limits
    null
    null
[2019-02-21T14:17:17.046] [ERROR] error_log - Email send is failed to amilawelikala99@gmail.com, due to error:- Forbidden (403)
  You have exceeded your messaging limits
    null
    null
[2019-02-21T14:17:17.046] [ERROR] error_log - Error:- Forbidden (403)
  You have exceeded your messaging limits
    null
    null
[2019-02-21T14:17:17.108] [ERROR] error_log - Email send is failed to amilavidurangawelikala@gmail.com, due to error:- Forbidden (403)
  You have exceeded your messaging limits
    null
    null
[2019-02-21T14:17:17.246] [ERROR] error_log - Email send is failed to amilawelikala99@gmail.com, due to error:- Forbidden (403)
  You have exceeded your messaging limits
    null
    null
[2019-02-21T14:17:17.247] [ERROR] error_log - Error:- Forbidden (403)
  You have exceeded your messaging limits
    null
    null
[2019-02-21T14:17:17.300] [ERROR] error_log - Email send is failed to amilavidurangawelikala@gmail.com, due to error:- Forbidden (403)
  You have exceeded your messaging limits
    null
    null
[2019-02-21T14:17:17.402] [ERROR] error_log - Email send is failed to amilawelikala99@gmail.com, due to error:- Forbidden (403)
  You have exceeded your messaging limits
    null
    null
[2019-02-21T14:17:17.402] [ERROR] error_log - Error:- Forbidden (403)
  You have exceeded your messaging limits
    null
    null
[2019-02-21T14:17:17.403] [ERROR] error_log - Email send is failed to amilavidurangawelikala@gmail.com, due to error:- Forbidden (403)
  You have exceeded your messaging limits
    null
    null
[2019-02-21T14:17:17.611] [ERROR] error_log - Email send is failed to amilawelikala99@gmail.com, due to error:- Forbidden (403)
  You have exceeded your messaging limits
    null
    null
[2019-02-21T14:17:17.611] [ERROR] error_log - Error:- Forbidden (403)
  You have exceeded your messaging limits
    null
    null
[2019-02-21T14:17:17.615] [ERROR] error_log - Email send is failed to amilavidurangawelikala@gmail.com, due to error:- Forbidden (403)
  You have exceeded your messaging limits
    null
    null
[2019-02-21T14:17:17.711] [ERROR] error_log - Email send is failed to amilawelikala99@gmail.com, due to error:- Forbidden (403)
  You have exceeded your messaging limits
    null
    null
[2019-02-21T14:17:17.711] [ERROR] error_log - Error:- Forbidden (403)
  You have exceeded your messaging limits
    null
    null
[2019-02-21T14:17:17.728] [ERROR] error_log - Email send is failed to amilavidurangawelikala@gmail.com, due to error:- Forbidden (403)
  You have exceeded your messaging limits
    null
    null
[2019-02-21T14:17:17.891] [ERROR] error_log - Email send is failed to amilawelikala99@gmail.com, due to error:- Forbidden (403)
  You have exceeded your messaging limits
    null
    null
[2019-02-21T14:17:17.892] [ERROR] error_log - Error:- Forbidden (403)
  You have exceeded your messaging limits
    null
    null
[2019-02-21T14:17:17.892] [ERROR] error_log - Email send is failed to amilavidurangawelikala@gmail.com, due to error:- Forbidden (403)
  You have exceeded your messaging limits
    null
    null
[2019-02-21T14:17:17.976] [ERROR] error_log - Email send is failed to amilawelikala99@gmail.com, due to error:- Forbidden (403)
  You have exceeded your messaging limits
    null
    null
[2019-02-21T14:17:17.976] [ERROR] error_log - Error:- Forbidden (403)
  You have exceeded your messaging limits
    null
    null
[2019-02-21T14:17:18.030] [ERROR] error_log - Email send is failed to amilavidurangawelikala@gmail.com, due to error:- Forbidden (403)
  You have exceeded your messaging limits
    null
    null
[2019-02-21T14:17:18.244] [ERROR] error_log - Email send is failed to amilavidurangawelikala@gmail.com, due to error:- Forbidden (403)
  You have exceeded your messaging limits
    null
    null
[2019-02-21T14:17:18.244] [ERROR] error_log - Error:- Forbidden (403)
  You have exceeded your messaging limits
    null
    null
[2019-02-21T14:17:18.245] [ERROR] error_log - Email send is failed to amilawelikala99@gmail.com, due to error:- Forbidden (403)
  You have exceeded your messaging limits
    null
    null
[2019-02-21T14:17:18.373] [ERROR] error_log - Email send is failed to amilawelikala99@gmail.com, due to error:- Forbidden (403)
  You have exceeded your messaging limits
    null
    null
[2019-02-21T14:17:18.373] [ERROR] error_log - Error:- Forbidden (403)
  You have exceeded your messaging limits
    null
    null
[2019-02-21T14:17:18.376] [ERROR] error_log - Email send is failed to amilavidurangawelikala@gmail.com, due to error:- Forbidden (403)
  You have exceeded your messaging limits
    null
    null
[2019-02-21T14:17:18.534] [ERROR] error_log - Email send is failed to amilawelikala99@gmail.com, due to error:- Forbidden (403)
  You have exceeded your messaging limits
    null
    null
[2019-02-21T14:17:18.534] [ERROR] error_log - Error:- Forbidden (403)
  You have exceeded your messaging limits
    null
    null
[2019-02-21T14:17:18.585] [ERROR] error_log - Email send is failed to amilavidurangawelikala@gmail.com, due to error:- Forbidden (403)
  You have exceeded your messaging limits
    null
    null
[2019-02-21T14:17:18.701] [ERROR] error_log - Email send is failed to amilawelikala99@gmail.com, due to error:- Forbidden (403)
  You have exceeded your messaging limits
    null
    null
[2019-02-21T14:17:18.701] [ERROR] error_log - Error:- Forbidden (403)
  You have exceeded your messaging limits
    null
    null
[2019-02-21T14:17:18.727] [ERROR] error_log - Email send is failed to amilavidurangawelikala@gmail.com, due to error:- Forbidden (403)
  You have exceeded your messaging limits
    null
    null
[2019-02-21T14:17:18.874] [ERROR] error_log - Email send is failed to amilawelikala99@gmail.com, due to error:- Forbidden (403)
  You have exceeded your messaging limits
    null
    null
[2019-02-21T14:17:18.874] [ERROR] error_log - Error:- Forbidden (403)
  You have exceeded your messaging limits
    null
    null
[2019-02-21T14:17:18.902] [ERROR] error_log - Email send is failed to amilavidurangawelikala@gmail.com, due to error:- Forbidden (403)
  You have exceeded your messaging limits
    null
    null
[2019-02-21T14:17:19.077] [ERROR] error_log - Email send is failed to amilawelikala99@gmail.com, due to error:- Forbidden (403)
  You have exceeded your messaging limits
    null
    null
[2019-02-21T14:17:19.078] [ERROR] error_log - Error:- Forbidden (403)
  You have exceeded your messaging limits
    null
    null
[2019-02-21T14:17:19.102] [ERROR] error_log - Email send is failed to amilavidurangawelikala@gmail.com, due to error:- Forbidden (403)
  You have exceeded your messaging limits
    null
    null
[2019-02-21T14:17:19.151] [ERROR] error_log - Email send is failed to amilavidurangawelikala@gmail.com, due to error:- Forbidden (403)
  You have exceeded your messaging limits
    null
    null
[2019-02-21T14:17:19.151] [ERROR] error_log - Error:- Forbidden (403)
  You have exceeded your messaging limits
    null
    null
[2019-02-21T14:17:19.195] [ERROR] error_log - Email send is failed to amilawelikala99@gmail.com, due to error:- Forbidden (403)
  You have exceeded your messaging limits
    null
    null
[2019-02-21T14:17:19.364] [ERROR] error_log - Email send is failed to amilawelikala99@gmail.com, due to error:- Forbidden (403)
  You have exceeded your messaging limits
    null
    null
[2019-02-21T14:17:19.364] [ERROR] error_log - Error:- Forbidden (403)
  You have exceeded your messaging limits
    null
    null
[2019-02-21T14:17:19.432] [ERROR] error_log - Email send is failed to amilavidurangawelikala@gmail.com, due to error:- Forbidden (403)
  You have exceeded your messaging limits
    null
    null
[2019-02-21T14:17:19.585] [ERROR] error_log - Email send is failed to amilawelikala99@gmail.com, due to error:- Forbidden (403)
  You have exceeded your messaging limits
    null
    null
[2019-02-21T14:17:19.585] [ERROR] error_log - Error:- Forbidden (403)
  You have exceeded your messaging limits
    null
    null
[2019-02-21T14:17:19.585] [ERROR] error_log - Email send is failed to amilavidurangawelikala@gmail.com, due to error:- Forbidden (403)
  You have exceeded your messaging limits
    null
    null
[2019-02-21T14:17:19.702] [ERROR] error_log - Email send is failed to amilavidurangawelikala@gmail.com, due to error:- Forbidden (403)
  You have exceeded your messaging limits
    null
    null
[2019-02-21T14:17:19.702] [ERROR] error_log - Error:- Forbidden (403)
  You have exceeded your messaging limits
    null
    null
[2019-02-21T14:17:19.724] [ERROR] error_log - Email send is failed to amilawelikala99@gmail.com, due to error:- Forbidden (403)
  You have exceeded your messaging limits
    null
    null
[2019-02-21T14:17:19.901] [ERROR] error_log - Email send is failed to amilawelikala99@gmail.com, due to error:- Forbidden (403)
  You have exceeded your messaging limits
    null
    null
[2019-02-21T14:17:19.902] [ERROR] error_log - Error:- Forbidden (403)
  You have exceeded your messaging limits
    null
    null
[2019-02-21T14:17:19.907] [ERROR] error_log - Email send is failed to amilavidurangawelikala@gmail.com, due to error:- Forbidden (403)
  You have exceeded your messaging limits
    null
    null
[2019-02-21T14:17:20.051] [ERROR] error_log - Email send is failed to amilavidurangawelikala@gmail.com, due to error:- Forbidden (403)
  You have exceeded your messaging limits
    null
    null
[2019-02-21T14:17:20.051] [ERROR] error_log - Error:- Forbidden (403)
  You have exceeded your messaging limits
    null
    null
[2019-02-21T14:17:20.063] [ERROR] error_log - Email send is failed to amilawelikala99@gmail.com, due to error:- Forbidden (403)
  You have exceeded your messaging limits
    null
    null
[2019-02-21T14:17:20.265] [ERROR] error_log - Email send is failed to amilavidurangawelikala@gmail.com, due to error:- Forbidden (403)
  You have exceeded your messaging limits
    null
    null
[2019-02-21T14:17:20.266] [ERROR] error_log - Error:- Forbidden (403)
  You have exceeded your messaging limits
    null
    null
[2019-02-21T14:17:20.266] [ERROR] error_log - Email send is failed to amilawelikala99@gmail.com, due to error:- Forbidden (403)
  You have exceeded your messaging limits
    null
    null
[2019-02-21T14:17:20.402] [ERROR] error_log - Email send is failed to amilavidurangawelikala@gmail.com, due to error:- Forbidden (403)
  You have exceeded your messaging limits
    null
    null
[2019-02-21T14:17:20.403] [ERROR] error_log - Error:- Forbidden (403)
  You have exceeded your messaging limits
    null
    null
[2019-02-21T14:17:20.426] [ERROR] error_log - Email send is failed to amilawelikala99@gmail.com, due to error:- Forbidden (403)
  You have exceeded your messaging limits
    null
    null
[2019-02-21T14:17:20.572] [ERROR] error_log - Email send is failed to amilawelikala99@gmail.com, due to error:- Forbidden (403)
  You have exceeded your messaging limits
    null
    null
[2019-02-21T14:17:20.572] [ERROR] error_log - Error:- Forbidden (403)
  You have exceeded your messaging limits
    null
    null
[2019-02-21T14:17:20.707] [ERROR] error_log - Email send is failed to amilavidurangawelikala@gmail.com, due to error:- Forbidden (403)
  You have exceeded your messaging limits
    null
    null
[2019-02-21T14:17:20.731] [ERROR] error_log - Email send is failed to amilawelikala99@gmail.com, due to error:- Forbidden (403)
  You have exceeded your messaging limits
    null
    null
[2019-02-21T14:17:20.731] [ERROR] error_log - Error:- Forbidden (403)
  You have exceeded your messaging limits
    null
    null
[2019-02-21T14:17:20.737] [ERROR] error_log - Email send is failed to amilavidurangawelikala@gmail.com, due to error:- Forbidden (403)
  You have exceeded your messaging limits
    null
    null
[2019-02-21T14:17:20.952] [ERROR] error_log - Email send is failed to amilavidurangawelikala@gmail.com, due to error:- Forbidden (403)
  You have exceeded your messaging limits
    null
    null
[2019-02-21T14:17:20.953] [ERROR] error_log - Error:- Forbidden (403)
  You have exceeded your messaging limits
    null
    null
[2019-02-21T14:17:20.958] [ERROR] error_log - Email send is failed to amilawelikala99@gmail.com, due to error:- Forbidden (403)
  You have exceeded your messaging limits
    null
    null
[2019-02-21T14:17:21.073] [ERROR] error_log - Email send is failed to amilavidurangawelikala@gmail.com, due to error:- Forbidden (403)
  You have exceeded your messaging limits
    null
    null
[2019-02-21T14:17:21.074] [ERROR] error_log - Error:- Forbidden (403)
  You have exceeded your messaging limits
    null
    null
[2019-02-21T14:17:21.086] [ERROR] error_log - Email send is failed to amilawelikala99@gmail.com, due to error:- Forbidden (403)
  You have exceeded your messaging limits
    null
    null
[2019-02-21T14:17:21.247] [ERROR] error_log - Email send is failed to amilavidurangawelikala@gmail.com, due to error:- Forbidden (403)
  You have exceeded your messaging limits
    null
    null
[2019-02-21T14:17:21.247] [ERROR] error_log - Error:- Forbidden (403)
  You have exceeded your messaging limits
    null
    null
[2019-02-21T14:17:21.261] [ERROR] error_log - Email send is failed to amilawelikala99@gmail.com, due to error:- Forbidden (403)
  You have exceeded your messaging limits
    null
    null
[2019-02-21T14:17:21.424] [ERROR] error_log - Email send is failed to amilawelikala99@gmail.com, due to error:- Forbidden (403)
  You have exceeded your messaging limits
    null
    null
[2019-02-21T14:17:21.424] [ERROR] error_log - Error:- Forbidden (403)
  You have exceeded your messaging limits
    null
    null
[2019-02-21T14:17:21.435] [ERROR] error_log - Email send is failed to amilavidurangawelikala@gmail.com, due to error:- Forbidden (403)
  You have exceeded your messaging limits
    null
    null
[2019-02-21T14:17:21.597] [ERROR] error_log - Email send is failed to amilavidurangawelikala@gmail.com, due to error:- Forbidden (403)
  You have exceeded your messaging limits
    null
    null
[2019-02-21T14:17:21.598] [ERROR] error_log - Error:- Forbidden (403)
  You have exceeded your messaging limits
    null
    null
[2019-02-21T14:17:21.598] [ERROR] error_log - Email send is failed to amilawelikala99@gmail.com, due to error:- Forbidden (403)
  You have exceeded your messaging limits
    null
    null
[2019-02-21T14:17:21.728] [ERROR] error_log - Email send is failed to amilavidurangawelikala@gmail.com, due to error:- Forbidden (403)
  You have exceeded your messaging limits
    null
    null
[2019-02-21T14:17:21.728] [ERROR] error_log - Error:- Forbidden (403)
  You have exceeded your messaging limits
    null
    null
[2019-02-21T14:17:21.744] [ERROR] error_log - Email send is failed to amilawelikala99@gmail.com, due to error:- Forbidden (403)
  You have exceeded your messaging limits
    null
    null
[2019-02-21T14:17:21.884] [ERROR] error_log - Email send is failed to amilawelikala99@gmail.com, due to error:- Forbidden (403)
  You have exceeded your messaging limits
    null
    null
[2019-02-21T14:17:21.884] [ERROR] error_log - Error:- Forbidden (403)
  You have exceeded your messaging limits
    null
    null
[2019-02-21T14:17:21.944] [ERROR] error_log - Email send is failed to amilavidurangawelikala@gmail.com, due to error:- Forbidden (403)
  You have exceeded your messaging limits
    null
    null
[2019-02-21T14:17:22.140] [ERROR] error_log - Email send is failed to amilawelikala99@gmail.com, due to error:- Forbidden (403)
  You have exceeded your messaging limits
    null
    null
[2019-02-21T14:17:22.140] [ERROR] error_log - Error:- Forbidden (403)
  You have exceeded your messaging limits
    null
    null
[2019-02-21T14:17:22.146] [ERROR] error_log - Email send is failed to amilavidurangawelikala@gmail.com, due to error:- Forbidden (403)
  You have exceeded your messaging limits
    null
    null
[2019-02-21T14:17:22.221] [ERROR] error_log - Email send is failed to amilawelikala99@gmail.com, due to error:- Forbidden (403)
  You have exceeded your messaging limits
    null
    null
[2019-02-21T14:17:22.221] [ERROR] error_log - Error:- Forbidden (403)
  You have exceeded your messaging limits
    null
    null
[2019-02-21T14:17:22.281] [ERROR] error_log - Email send is failed to amilavidurangawelikala@gmail.com, due to error:- Forbidden (403)
  You have exceeded your messaging limits
    null
    null
[2019-02-21T14:17:22.352] [ERROR] error_log - Email send is failed to amilawelikala99@gmail.com, due to error:- Forbidden (403)
  You have exceeded your messaging limits
    null
    null
[2019-02-21T14:17:22.353] [ERROR] error_log - Error:- Forbidden (403)
  You have exceeded your messaging limits
    null
    null
[2019-02-21T14:17:22.476] [ERROR] error_log - Email send is failed to amilavidurangawelikala@gmail.com, due to error:- Forbidden (403)
  You have exceeded your messaging limits
    null
    null
[2019-02-21T14:17:22.544] [ERROR] error_log - Email send is failed to amilavidurangawelikala@gmail.com, due to error:- Forbidden (403)
  You have exceeded your messaging limits
    null
    null
[2019-02-21T14:17:22.544] [ERROR] error_log - Error:- Forbidden (403)
  You have exceeded your messaging limits
    null
    null
[2019-02-21T14:17:22.589] [ERROR] error_log - Email send is failed to amilawelikala99@gmail.com, due to error:- Forbidden (403)
  You have exceeded your messaging limits
    null
    null
[2019-02-21T14:17:22.745] [ERROR] error_log - Email send is failed to amilawelikala99@gmail.com, due to error:- Forbidden (403)
  You have exceeded your messaging limits
    null
    null
[2019-02-21T14:17:22.746] [ERROR] error_log - Error:- Forbidden (403)
  You have exceeded your messaging limits
    null
    null
[2019-02-21T14:17:22.762] [ERROR] error_log - Email send is failed to amilavidurangawelikala@gmail.com, due to error:- Forbidden (403)
  You have exceeded your messaging limits
    null
    null
[2019-02-21T14:17:22.942] [ERROR] error_log - Email send is failed to amilavidurangawelikala@gmail.com, due to error:- Forbidden (403)
  You have exceeded your messaging limits
    null
    null
[2019-02-21T14:17:22.942] [ERROR] error_log - Error:- Forbidden (403)
  You have exceeded your messaging limits
    null
    null
[2019-02-21T14:17:22.975] [ERROR] error_log - Email send is failed to amilawelikala99@gmail.com, due to error:- Forbidden (403)
  You have exceeded your messaging limits
    null
    null
[2019-02-21T14:17:23.104] [ERROR] error_log - Email send is failed to amilavidurangawelikala@gmail.com, due to error:- Forbidden (403)
  You have exceeded your messaging limits
    null
    null
[2019-02-21T14:17:23.104] [ERROR] error_log - Error:- Forbidden (403)
  You have exceeded your messaging limits
    null
    null
[2019-02-21T14:17:23.133] [ERROR] error_log - Email send is failed to amilawelikala99@gmail.com, due to error:- Forbidden (403)
  You have exceeded your messaging limits
    null
    null
[2019-02-21T14:17:23.274] [ERROR] error_log - Email send is failed to amilawelikala99@gmail.com, due to error:- Forbidden (403)
  You have exceeded your messaging limits
    null
    null
[2019-02-21T14:17:23.274] [ERROR] error_log - Error:- Forbidden (403)
  You have exceeded your messaging limits
    null
    null
[2019-02-21T14:17:23.275] [ERROR] error_log - Email send is failed to amilavidurangawelikala@gmail.com, due to error:- Forbidden (403)
  You have exceeded your messaging limits
    null
    null
[2019-02-21T14:17:23.355] [ERROR] error_log - Email send is failed to amilawelikala99@gmail.com, due to error:- Forbidden (403)
  You have exceeded your messaging limits
    null
    null
[2019-02-21T14:17:23.355] [ERROR] error_log - Error:- Forbidden (403)
  You have exceeded your messaging limits
    null
    null
[2019-02-21T14:17:23.401] [ERROR] error_log - Email send is failed to amilavidurangawelikala@gmail.com, due to error:- Forbidden (403)
  You have exceeded your messaging limits
    null
    null
[2019-02-21T14:17:23.579] [ERROR] error_log - Email send is failed to amilawelikala99@gmail.com, due to error:- Forbidden (403)
  You have exceeded your messaging limits
    null
    null
[2019-02-21T14:17:23.579] [ERROR] error_log - Error:- Forbidden (403)
  You have exceeded your messaging limits
    null
    null
[2019-02-21T14:17:23.590] [ERROR] error_log - Email send is failed to amilavidurangawelikala@gmail.com, due to error:- Forbidden (403)
  You have exceeded your messaging limits
    null
    null
[2019-02-21T14:17:23.702] [ERROR] error_log - Email send is failed to amilawelikala99@gmail.com, due to error:- Forbidden (403)
  You have exceeded your messaging limits
    null
    null
[2019-02-21T14:17:23.702] [ERROR] error_log - Error:- Forbidden (403)
  You have exceeded your messaging limits
    null
    null
[2019-02-21T14:17:23.764] [ERROR] error_log - Email send is failed to amilavidurangawelikala@gmail.com, due to error:- Forbidden (403)
  You have exceeded your messaging limits
    null
    null
[2019-02-21T14:17:23.863] [ERROR] error_log - Email send is failed to amilavidurangawelikala@gmail.com, due to error:- Forbidden (403)
  You have exceeded your messaging limits
    null
    null
[2019-02-21T14:17:23.863] [ERROR] error_log - Error:- Forbidden (403)
  You have exceeded your messaging limits
    null
    null
[2019-02-21T14:17:23.890] [ERROR] error_log - Email send is failed to amilawelikala99@gmail.com, due to error:- Forbidden (403)
  You have exceeded your messaging limits
    null
    null
[2019-02-21T14:17:24.065] [ERROR] error_log - Email send is failed to amilavidurangawelikala@gmail.com, due to error:- Forbidden (403)
  You have exceeded your messaging limits
    null
    null
[2019-02-21T14:17:24.065] [ERROR] error_log - Error:- Forbidden (403)
  You have exceeded your messaging limits
    null
    null
[2019-02-21T14:17:24.122] [ERROR] error_log - Email send is failed to amilawelikala99@gmail.com, due to error:- Forbidden (403)
  You have exceeded your messaging limits
    null
    null
[2019-02-21T14:17:24.248] [ERROR] error_log - Email send is failed to amilavidurangawelikala@gmail.com, due to error:- Forbidden (403)
  You have exceeded your messaging limits
    null
    null
[2019-02-21T14:17:24.249] [ERROR] error_log - Error:- Forbidden (403)
  You have exceeded your messaging limits
    null
    null
[2019-02-21T14:17:24.270] [ERROR] error_log - Email send is failed to amilawelikala99@gmail.com, due to error:- Forbidden (403)
  You have exceeded your messaging limits
    null
    null
[2019-02-21T14:17:24.378] [ERROR] error_log - Email send is failed to amilavidurangawelikala@gmail.com, due to error:- Forbidden (403)
  You have exceeded your messaging limits
    null
    null
[2019-02-21T14:17:24.378] [ERROR] error_log - Error:- Forbidden (403)
  You have exceeded your messaging limits
    null
    null
[2019-02-21T14:17:24.391] [ERROR] error_log - Email send is failed to amilawelikala99@gmail.com, due to error:- Forbidden (403)
  You have exceeded your messaging limits
    null
    null
[2019-02-21T14:17:24.561] [ERROR] error_log - Email send is failed to amilawelikala99@gmail.com, due to error:- Forbidden (403)
  You have exceeded your messaging limits
    null
    null
[2019-02-21T14:17:24.561] [ERROR] error_log - Error:- Forbidden (403)
  You have exceeded your messaging limits
    null
    null
[2019-02-21T14:17:24.561] [ERROR] error_log - Email send is failed to amilavidurangawelikala@gmail.com, due to error:- Forbidden (403)
  You have exceeded your messaging limits
    null
    null
[2019-02-21T14:17:24.752] [ERROR] error_log - Email send is failed to amilawelikala99@gmail.com, due to error:- Forbidden (403)
  You have exceeded your messaging limits
    null
    null
[2019-02-21T14:17:24.753] [ERROR] error_log - Error:- Forbidden (403)
  You have exceeded your messaging limits
    null
    null
[2019-02-21T14:17:24.773] [ERROR] error_log - Email send is failed to amilavidurangawelikala@gmail.com, due to error:- Forbidden (403)
  You have exceeded your messaging limits
    null
    null
[2019-02-21T14:17:24.853] [ERROR] error_log - Email send is failed to amilavidurangawelikala@gmail.com, due to error:- Forbidden (403)
  You have exceeded your messaging limits
    null
    null
[2019-02-21T14:17:24.853] [ERROR] error_log - Error:- Forbidden (403)
  You have exceeded your messaging limits
    null
    null
[2019-02-21T14:17:24.895] [ERROR] error_log - Email send is failed to amilawelikala99@gmail.com, due to error:- Forbidden (403)
  You have exceeded your messaging limits
    null
    null
[2019-02-21T14:17:25.094] [ERROR] error_log - Email send is failed to amilawelikala99@gmail.com, due to error:- Forbidden (403)
  You have exceeded your messaging limits
    null
    null
[2019-02-21T14:17:25.094] [ERROR] error_log - Error:- Forbidden (403)
  You have exceeded your messaging limits
    null
    null
[2019-02-21T14:17:25.102] [ERROR] error_log - Email send is failed to amilavidurangawelikala@gmail.com, due to error:- Forbidden (403)
  You have exceeded your messaging limits
    null
    null
[2019-02-21T14:17:25.220] [ERROR] error_log - Email send is failed to amilavidurangawelikala@gmail.com, due to error:- Forbidden (403)
  You have exceeded your messaging limits
    null
    null
[2019-02-21T14:17:25.220] [ERROR] error_log - Error:- Forbidden (403)
  You have exceeded your messaging limits
    null
    null
[2019-02-21T14:17:25.279] [ERROR] error_log - Email send is failed to amilawelikala99@gmail.com, due to error:- Forbidden (403)
  You have exceeded your messaging limits
    null
    null
[2019-02-21T14:17:25.367] [ERROR] error_log - Email send is failed to amilawelikala99@gmail.com, due to error:- Forbidden (403)
  You have exceeded your messaging limits
    null
    null
[2019-02-21T14:17:25.367] [ERROR] error_log - Error:- Forbidden (403)
  You have exceeded your messaging limits
    null
    null
[2019-02-21T14:17:25.382] [ERROR] error_log - Email send is failed to amilavidurangawelikala@gmail.com, due to error:- Forbidden (403)
  You have exceeded your messaging limits
    null
    null
[2019-02-21T14:17:25.548] [ERROR] error_log - Email send is failed to amilawelikala99@gmail.com, due to error:- Forbidden (403)
  You have exceeded your messaging limits
    null
    null
[2019-02-21T14:17:25.548] [ERROR] error_log - Error:- Forbidden (403)
  You have exceeded your messaging limits
    null
    null
[2019-02-21T14:17:25.563] [ERROR] error_log - Email send is failed to amilavidurangawelikala@gmail.com, due to error:- Forbidden (403)
  You have exceeded your messaging limits
    null
    null
[2019-02-21T14:17:25.721] [ERROR] error_log - Email send is failed to amilawelikala99@gmail.com, due to error:- Forbidden (403)
  You have exceeded your messaging limits
    null
    null
[2019-02-21T14:17:25.721] [ERROR] error_log - Error:- Forbidden (403)
  You have exceeded your messaging limits
    null
    null
[2019-02-21T14:17:25.762] [ERROR] error_log - Email send is failed to amilavidurangawelikala@gmail.com, due to error:- Forbidden (403)
  You have exceeded your messaging limits
    null
    null
[2019-02-21T14:17:25.846] [ERROR] error_log - Email send is failed to amilavidurangawelikala@gmail.com, due to error:- Forbidden (403)
  You have exceeded your messaging limits
    null
    null
[2019-02-21T14:17:25.846] [ERROR] error_log - Error:- Forbidden (403)
  You have exceeded your messaging limits
    null
    null
[2019-02-21T14:17:25.848] [ERROR] error_log - Email send is failed to amilawelikala99@gmail.com, due to error:- Forbidden (403)
  You have exceeded your messaging limits
    null
    null
[2019-02-21T14:17:26.061] [ERROR] error_log - Email send is failed to amilawelikala99@gmail.com, due to error:- Forbidden (403)
  You have exceeded your messaging limits
    null
    null
[2019-02-21T14:17:26.062] [ERROR] error_log - Error:- Forbidden (403)
  You have exceeded your messaging limits
    null
    null
[2019-02-21T14:17:26.082] [ERROR] error_log - Email send is failed to amilavidurangawelikala@gmail.com, due to error:- Forbidden (403)
  You have exceeded your messaging limits
    null
    null
[2019-02-21T14:17:26.185] [ERROR] error_log - Email send is failed to amilawelikala99@gmail.com, due to error:- Forbidden (403)
  You have exceeded your messaging limits
    null
    null
[2019-02-21T14:17:26.185] [ERROR] error_log - Error:- Forbidden (403)
  You have exceeded your messaging limits
    null
    null
[2019-02-21T14:17:26.187] [ERROR] error_log - Email send is failed to amilavidurangawelikala@gmail.com, due to error:- Forbidden (403)
  You have exceeded your messaging limits
    null
    null
[2019-02-21T14:17:26.312] [ERROR] error_log - Email send is failed to amilavidurangawelikala@gmail.com, due to error:- Forbidden (403)
  You have exceeded your messaging limits
    null
    null
[2019-02-21T14:17:26.313] [ERROR] error_log - Error:- Forbidden (403)
  You have exceeded your messaging limits
    null
    null
[2019-02-21T14:17:26.372] [ERROR] error_log - Email send is failed to amilawelikala99@gmail.com, due to error:- Forbidden (403)
  You have exceeded your messaging limits
    null
    null
[2019-02-21T14:17:26.562] [ERROR] error_log - Email send is failed to amilavidurangawelikala@gmail.com, due to error:- Forbidden (403)
  You have exceeded your messaging limits
    null
    null
[2019-02-21T14:17:26.562] [ERROR] error_log - Error:- Forbidden (403)
  You have exceeded your messaging limits
    null
    null
[2019-02-21T14:17:26.564] [ERROR] error_log - Email send is failed to amilawelikala99@gmail.com, due to error:- Forbidden (403)
  You have exceeded your messaging limits
    null
    null
[2019-02-21T14:17:26.662] [ERROR] error_log - Email send is failed to amilawelikala99@gmail.com, due to error:- Forbidden (403)
  You have exceeded your messaging limits
    null
    null
[2019-02-21T14:17:26.662] [ERROR] error_log - Error:- Forbidden (403)
  You have exceeded your messaging limits
    null
    null
[2019-02-21T14:17:26.867] [ERROR] error_log - Email send is failed to amilavidurangawelikala@gmail.com, due to error:- Forbidden (403)
  You have exceeded your messaging limits
    null
    null
[2019-02-21T14:17:26.868] [ERROR] error_log - Email send is failed to amilawelikala99@gmail.com, due to error:- Forbidden (403)
  You have exceeded your messaging limits
    null
    null
[2019-02-21T14:17:26.868] [ERROR] error_log - Error:- Forbidden (403)
  You have exceeded your messaging limits
    null
    null
[2019-02-21T14:17:26.932] [ERROR] error_log - Email send is failed to amilavidurangawelikala@gmail.com, due to error:- Forbidden (403)
  You have exceeded your messaging limits
    null
    null
[2019-02-21T14:17:27.108] [ERROR] error_log - Email send is failed to amilavidurangawelikala@gmail.com, due to error:- Forbidden (403)
  You have exceeded your messaging limits
    null
    null
[2019-02-21T14:17:27.108] [ERROR] error_log - Error:- Forbidden (403)
  You have exceeded your messaging limits
    null
    null
[2019-02-21T14:17:27.126] [ERROR] error_log - Email send is failed to amilawelikala99@gmail.com, due to error:- Forbidden (403)
  You have exceeded your messaging limits
    null
    null
[2019-02-21T14:17:27.357] [ERROR] error_log - Email send is failed to amilawelikala99@gmail.com, due to error:- Forbidden (403)
  You have exceeded your messaging limits
    null
    null
[2019-02-21T14:17:27.358] [ERROR] error_log - Error:- Forbidden (403)
  You have exceeded your messaging limits
    null
    null
[2019-02-21T14:17:27.366] [ERROR] error_log - Email send is failed to amilavidurangawelikala@gmail.com, due to error:- Forbidden (403)
  You have exceeded your messaging limits
    null
    null
[2019-02-21T14:17:27.366] [ERROR] error_log - Error:- Forbidden (403)
  You have exceeded your messaging limits
    null
    null
[2019-02-21T14:17:27.382] [ERROR] error_log - Email send is failed to amilavidurangawelikala@gmail.com, due to error:- Forbidden (403)
  You have exceeded your messaging limits
    null
    null
[2019-02-21T14:17:27.580] [ERROR] error_log - Email send is failed to amilawelikala99@gmail.com, due to error:- Forbidden (403)
  You have exceeded your messaging limits
    null
    null
[2019-02-21T14:17:27.580] [ERROR] error_log - Error:- Forbidden (403)
  You have exceeded your messaging limits
    null
    null
[2019-02-21T14:17:27.596] [ERROR] error_log - Email send is failed to amilavidurangawelikala@gmail.com, due to error:- Forbidden (403)
  You have exceeded your messaging limits
    null
    null
[2019-02-21T14:17:27.750] [ERROR] error_log - Email send is failed to amilavidurangawelikala@gmail.com, due to error:- Forbidden (403)
  You have exceeded your messaging limits
    null
    null
[2019-02-21T14:17:27.750] [ERROR] error_log - Error:- Forbidden (403)
  You have exceeded your messaging limits
    null
    null
[2019-02-21T14:17:27.760] [ERROR] error_log - Email send is failed to amilawelikala99@gmail.com, due to error:- Forbidden (403)
  You have exceeded your messaging limits
    null
    null
[2019-02-21T14:17:27.890] [ERROR] error_log - Email send is failed to amilavidurangawelikala@gmail.com, due to error:- Forbidden (403)
  You have exceeded your messaging limits
    null
    null
[2019-02-21T14:17:27.890] [ERROR] error_log - Error:- Forbidden (403)
  You have exceeded your messaging limits
    null
    null
[2019-02-21T14:17:27.929] [ERROR] error_log - Email send is failed to amilawelikala99@gmail.com, due to error:- Forbidden (403)
  You have exceeded your messaging limits
    null
    null
[2019-02-21T14:17:28.076] [ERROR] error_log - Email send is failed to amilavidurangawelikala@gmail.com, due to error:- Forbidden (403)
  You have exceeded your messaging limits
    null
    null
[2019-02-21T14:17:28.077] [ERROR] error_log - Error:- Forbidden (403)
  You have exceeded your messaging limits
    null
    null
[2019-02-21T14:17:28.137] [ERROR] error_log - Email send is failed to amilawelikala99@gmail.com, due to error:- Forbidden (403)
  You have exceeded your messaging limits
    null
    null
[2019-02-21T14:17:28.211] [ERROR] error_log - Email send is failed to amilavidurangawelikala@gmail.com, due to error:- Forbidden (403)
  You have exceeded your messaging limits
    null
    null
[2019-02-21T14:17:28.211] [ERROR] error_log - Error:- Forbidden (403)
  You have exceeded your messaging limits
    null
    null
[2019-02-21T14:17:28.263] [ERROR] error_log - Email send is failed to amilawelikala99@gmail.com, due to error:- Forbidden (403)
  You have exceeded your messaging limits
    null
    null
[2019-02-21T14:17:28.335] [ERROR] error_log - Email send is failed to amilawelikala99@gmail.com, due to error:- Forbidden (403)
  You have exceeded your messaging limits
    null
    null
[2019-02-21T14:17:28.388] [ERROR] error_log - Email send is failed to amilavidurangawelikala@gmail.com, due to error:- Forbidden (403)
  You have exceeded your messaging limits
    null
    null
[2019-02-21T14:17:28.388] [ERROR] error_log - Error:- Forbidden (403)
  You have exceeded your messaging limits
    null
    null
[2019-02-21T14:17:28.388] [ERROR] error_log - Email send is failed to amilawelikala99@gmail.com, due to error:- Forbidden (403)
  You have exceeded your messaging limits
    null
    null
[2019-02-21T14:17:28.576] [ERROR] error_log - Email send is failed to amilavidurangawelikala@gmail.com, due to error:- Forbidden (403)
  You have exceeded your messaging limits
    null
    null
[2019-02-21T14:17:28.576] [ERROR] error_log - Error:- Forbidden (403)
  You have exceeded your messaging limits
    null
    null
[2019-02-21T14:17:28.580] [ERROR] error_log - Email send is failed to amilawelikala99@gmail.com, due to error:- Forbidden (403)
  You have exceeded your messaging limits
    null
    null
[2019-02-21T14:17:28.713] [ERROR] error_log - Email send is failed to amilavidurangawelikala@gmail.com, due to error:- Forbidden (403)
  You have exceeded your messaging limits
    null
    null
[2019-02-21T14:17:28.713] [ERROR] error_log - Error:- Forbidden (403)
  You have exceeded your messaging limits
    null
    null
[2019-02-21T14:17:28.741] [ERROR] error_log - Email send is failed to amilawelikala99@gmail.com, due to error:- Forbidden (403)
  You have exceeded your messaging limits
    null
    null
[2019-02-21T14:17:28.890] [ERROR] error_log - Email send is failed to amilawelikala99@gmail.com, due to error:- Forbidden (403)
  You have exceeded your messaging limits
    null
    null
[2019-02-21T14:17:28.890] [ERROR] error_log - Error:- Forbidden (403)
  You have exceeded your messaging limits
    null
    null
[2019-02-21T14:17:28.929] [ERROR] error_log - Email send is failed to amilavidurangawelikala@gmail.com, due to error:- Forbidden (403)
  You have exceeded your messaging limits
    null
    null
[2019-02-21T14:17:29.058] [ERROR] error_log - Email send is failed to amilavidurangawelikala@gmail.com, due to error:- Forbidden (403)
  You have exceeded your messaging limits
    null
    null
[2019-02-21T14:17:29.058] [ERROR] error_log - Error:- Forbidden (403)
  You have exceeded your messaging limits
    null
    null
[2019-02-21T14:17:29.062] [ERROR] error_log - Email send is failed to amilawelikala99@gmail.com, due to error:- Forbidden (403)
  You have exceeded your messaging limits
    null
    null
[2019-02-21T14:17:29.246] [ERROR] error_log - Email send is failed to amilavidurangawelikala@gmail.com, due to error:- Forbidden (403)
  You have exceeded your messaging limits
    null
    null
[2019-02-21T14:17:29.246] [ERROR] error_log - Error:- Forbidden (403)
  You have exceeded your messaging limits
    null
    null
[2019-02-21T14:17:29.312] [ERROR] error_log - Email send is failed to amilawelikala99@gmail.com, due to error:- Forbidden (403)
  You have exceeded your messaging limits
    null
    null
[2019-02-21T14:17:29.458] [ERROR] error_log - Email send is failed to amilawelikala99@gmail.com, due to error:- Forbidden (403)
  You have exceeded your messaging limits
    null
    null
[2019-02-21T14:17:29.459] [ERROR] error_log - Error:- Forbidden (403)
  You have exceeded your messaging limits
    null
    null
[2019-02-21T14:17:29.460] [ERROR] error_log - Email send is failed to amilavidurangawelikala@gmail.com, due to error:- Forbidden (403)
  You have exceeded your messaging limits
    null
    null
[2019-02-21T14:17:29.611] [ERROR] error_log - Email send is failed to amilavidurangawelikala@gmail.com, due to error:- Forbidden (403)
  You have exceeded your messaging limits
    null
    null
[2019-02-21T14:17:29.611] [ERROR] error_log - Error:- Forbidden (403)
  You have exceeded your messaging limits
    null
    null
[2019-02-21T14:17:29.628] [ERROR] error_log - Email send is failed to amilawelikala99@gmail.com, due to error:- Forbidden (403)
  You have exceeded your messaging limits
    null
    null
[2019-02-21T14:17:29.698] [ERROR] error_log - Email send is failed to amilawelikala99@gmail.com, due to error:- Forbidden (403)
  You have exceeded your messaging limits
    null
    null
[2019-02-21T14:17:29.698] [ERROR] error_log - Error:- Forbidden (403)
  You have exceeded your messaging limits
    null
    null
[2019-02-21T14:17:29.734] [ERROR] error_log - Email send is failed to amilavidurangawelikala@gmail.com, due to error:- Forbidden (403)
  You have exceeded your messaging limits
    null
    null
[2019-02-21T14:17:29.900] [ERROR] error_log - Email send is failed to amilavidurangawelikala@gmail.com, due to error:- Forbidden (403)
  You have exceeded your messaging limits
    null
    null
[2019-02-21T14:17:29.900] [ERROR] error_log - Error:- Forbidden (403)
  You have exceeded your messaging limits
    null
    null
[2019-02-21T14:17:29.901] [ERROR] error_log - Email send is failed to amilawelikala99@gmail.com, due to error:- Forbidden (403)
  You have exceeded your messaging limits
    null
    null
[2019-02-21T14:17:30.037] [ERROR] error_log - Email send is failed to amilavidurangawelikala@gmail.com, due to error:- Forbidden (403)
  You have exceeded your messaging limits
    null
    null
[2019-02-21T14:17:30.038] [ERROR] error_log - Error:- Forbidden (403)
  You have exceeded your messaging limits
    null
    null
[2019-02-21T14:17:30.086] [ERROR] error_log - Email send is failed to amilawelikala99@gmail.com, due to error:- Forbidden (403)
  You have exceeded your messaging limits
    null
    null
[2019-02-21T14:17:30.215] [ERROR] error_log - Email send is failed to amilawelikala99@gmail.com, due to error:- Forbidden (403)
  You have exceeded your messaging limits
    null
    null
[2019-02-21T14:17:30.215] [ERROR] error_log - Error:- Forbidden (403)
  You have exceeded your messaging limits
    null
    null
[2019-02-21T14:17:30.292] [ERROR] error_log - Email send is failed to amilavidurangawelikala@gmail.com, due to error:- Forbidden (403)
  You have exceeded your messaging limits
    null
    null
[2019-02-21T14:17:30.406] [ERROR] error_log - Email send is failed to amilawelikala99@gmail.com, due to error:- Forbidden (403)
  You have exceeded your messaging limits
    null
    null
[2019-02-21T14:17:30.406] [ERROR] error_log - Error:- Forbidden (403)
  You have exceeded your messaging limits
    null
    null
[2019-02-21T14:17:30.444] [ERROR] error_log - Email send is failed to amilavidurangawelikala@gmail.com, due to error:- Forbidden (403)
  You have exceeded your messaging limits
    null
    null
[2019-02-21T14:17:30.518] [ERROR] error_log - Email send is failed to amilawelikala99@gmail.com, due to error:- Forbidden (403)
  You have exceeded your messaging limits
    null
    null
[2019-02-21T14:17:30.518] [ERROR] error_log - Error:- Forbidden (403)
  You have exceeded your messaging limits
    null
    null
[2019-02-21T14:17:30.561] [ERROR] error_log - Email send is failed to amilavidurangawelikala@gmail.com, due to error:- Forbidden (403)
  You have exceeded your messaging limits
    null
    null
[2019-02-21T14:17:30.706] [ERROR] error_log - Email send is failed to amilavidurangawelikala@gmail.com, due to error:- Forbidden (403)
  You have exceeded your messaging limits
    null
    null
[2019-02-21T14:17:30.706] [ERROR] error_log - Error:- Forbidden (403)
  You have exceeded your messaging limits
    null
    null
[2019-02-21T14:17:30.750] [ERROR] error_log - Email send is failed to amilawelikala99@gmail.com, due to error:- Forbidden (403)
  You have exceeded your messaging limits
    null
    null
[2019-02-21T14:18:36.464] [ERROR] error_log - Email send is failed to amilavidurangawelikala@gmail.com, due to error:- Unauthorized (401)
  Maximum credits exceeded
    null
    null
[2019-02-21T14:18:36.465] [ERROR] error_log - Error:- Unauthorized (401)
  Maximum credits exceeded
    null
    null
[2019-02-21T14:18:36.504] [ERROR] error_log - Email send is failed to amilawelikala99@gmail.com, due to error:- Unauthorized (401)
  Maximum credits exceeded
    null
    null
[2019-02-21T14:18:37.123] [ERROR] error_log - Email send is failed to amilavidurangawelikala@gmail.com, due to error:- Unauthorized (401)
  Maximum credits exceeded
    null
    null
[2019-02-21T14:18:37.123] [ERROR] error_log - Error:- Unauthorized (401)
  Maximum credits exceeded
    null
    null
[2019-02-21T14:18:37.143] [ERROR] error_log - Email send is failed to amilawelikala99@gmail.com, due to error:- Unauthorized (401)
  Maximum credits exceeded
    null
    null
[2019-02-21T14:18:37.438] [ERROR] error_log - Email send is failed to amilavidurangawelikala@gmail.com, due to error:- Unauthorized (401)
  Maximum credits exceeded
    null
    null
[2019-02-21T14:18:37.439] [ERROR] error_log - Error:- Unauthorized (401)
  Maximum credits exceeded
    null
    null
[2019-02-21T14:18:37.440] [ERROR] error_log - Email send is failed to amilawelikala99@gmail.com, due to error:- Unauthorized (401)
  Maximum credits exceeded
    null
    null
[2019-02-21T14:18:38.482] [ERROR] error_log - Email send is failed to amilavidurangawelikala@gmail.com, due to error:- Unauthorized (401)
  Maximum credits exceeded
    null
    null
[2019-02-21T14:18:38.483] [ERROR] error_log - Error:- Unauthorized (401)
  Maximum credits exceeded
    null
    null
[2019-02-21T14:18:38.499] [ERROR] error_log - Email send is failed to amilawelikala99@gmail.com, due to error:- Unauthorized (401)
  Maximum credits exceeded
    null
    null
[2019-02-21T14:18:39.382] [ERROR] error_log - Email send is failed to amilavidurangawelikala@gmail.com, due to error:- Unauthorized (401)
  Maximum credits exceeded
    null
    null
[2019-02-21T14:18:39.382] [ERROR] error_log - Error:- Unauthorized (401)
  Maximum credits exceeded
    null
    null
[2019-02-21T14:18:39.386] [ERROR] error_log - Email send is failed to amilawelikala99@gmail.com, due to error:- Unauthorized (401)
  Maximum credits exceeded
    null
    null
[2019-02-21T14:18:40.382] [ERROR] error_log - Email send is failed to amilavidurangawelikala@gmail.com, due to error:- Unauthorized (401)
  Maximum credits exceeded
    null
    null
[2019-02-21T14:18:40.382] [ERROR] error_log - Error:- Unauthorized (401)
  Maximum credits exceeded
    null
    null
[2019-02-21T14:18:40.396] [ERROR] error_log - Email send is failed to amilawelikala99@gmail.com, due to error:- Unauthorized (401)
  Maximum credits exceeded
    null
    null
[2019-02-21T14:18:41.414] [ERROR] error_log - Email send is failed to amilavidurangawelikala@gmail.com, due to error:- Unauthorized (401)
  Maximum credits exceeded
    null
    null
[2019-02-21T14:18:41.414] [ERROR] error_log - Error:- Unauthorized (401)
  Maximum credits exceeded
    null
    null
[2019-02-21T14:18:41.415] [ERROR] error_log - Email send is failed to amilawelikala99@gmail.com, due to error:- Unauthorized (401)
  Maximum credits exceeded
    null
    null
[2019-02-21T14:18:42.403] [ERROR] error_log - Email send is failed to amilavidurangawelikala@gmail.com, due to error:- Unauthorized (401)
  Maximum credits exceeded
    null
    null
[2019-02-21T14:18:42.404] [ERROR] error_log - Error:- Unauthorized (401)
  Maximum credits exceeded
    null
    null
[2019-02-21T14:18:42.415] [ERROR] error_log - Email send is failed to amilawelikala99@gmail.com, due to error:- Unauthorized (401)
  Maximum credits exceeded
    null
    null
[2019-02-21T14:18:43.380] [ERROR] error_log - Email send is failed to amilawelikala99@gmail.com, due to error:- Unauthorized (401)
  Maximum credits exceeded
    null
    null
[2019-02-21T14:18:43.381] [ERROR] error_log - Error:- Unauthorized (401)
  Maximum credits exceeded
    null
    null
[2019-02-21T14:18:43.411] [ERROR] error_log - Email send is failed to amilavidurangawelikala@gmail.com, due to error:- Unauthorized (401)
  Maximum credits exceeded
    null
    null
[2019-02-21T14:18:44.381] [ERROR] error_log - Email send is failed to amilawelikala99@gmail.com, due to error:- Unauthorized (401)
  Maximum credits exceeded
    null
    null
[2019-02-21T14:18:44.381] [ERROR] error_log - Error:- Unauthorized (401)
  Maximum credits exceeded
    null
    null
[2019-02-21T14:18:44.433] [ERROR] error_log - Email send is failed to amilavidurangawelikala@gmail.com, due to error:- Unauthorized (401)
  Maximum credits exceeded
    null
    null
[2019-02-21T14:18:45.369] [ERROR] error_log - Email send is failed to amilawelikala99@gmail.com, due to error:- Unauthorized (401)
  Maximum credits exceeded
    null
    null
[2019-02-21T14:18:45.369] [ERROR] error_log - Error:- Unauthorized (401)
  Maximum credits exceeded
    null
    null
[2019-02-21T14:18:45.414] [ERROR] error_log - Email send is failed to amilavidurangawelikala@gmail.com, due to error:- Unauthorized (401)
  Maximum credits exceeded
    null
    null
[2019-02-21T14:18:46.401] [ERROR] error_log - Email send is failed to amilawelikala99@gmail.com, due to error:- Unauthorized (401)
  Maximum credits exceeded
    null
    null
[2019-02-21T14:18:46.402] [ERROR] error_log - Error:- Unauthorized (401)
  Maximum credits exceeded
    null
    null
[2019-02-21T14:18:46.457] [ERROR] error_log - Email send is failed to amilavidurangawelikala@gmail.com, due to error:- Unauthorized (401)
  Maximum credits exceeded
    null
    null
[2019-02-21T14:18:47.381] [ERROR] error_log - Email send is failed to amilawelikala99@gmail.com, due to error:- Unauthorized (401)
  Maximum credits exceeded
    null
    null
[2019-02-21T14:18:47.382] [ERROR] error_log - Error:- Unauthorized (401)
  Maximum credits exceeded
    null
    null
[2019-02-21T14:18:47.424] [ERROR] error_log - Email send is failed to amilavidurangawelikala@gmail.com, due to error:- Unauthorized (401)
  Maximum credits exceeded
    null
    null
[2019-02-21T14:18:48.385] [ERROR] error_log - Email send is failed to amilawelikala99@gmail.com, due to error:- Unauthorized (401)
  Maximum credits exceeded
    null
    null
[2019-02-21T14:18:48.386] [ERROR] error_log - Error:- Unauthorized (401)
  Maximum credits exceeded
    null
    null
[2019-02-21T14:18:48.448] [ERROR] error_log - Email send is failed to amilavidurangawelikala@gmail.com, due to error:- Unauthorized (401)
  Maximum credits exceeded
    null
    null
[2019-02-21T14:18:49.381] [ERROR] error_log - Email send is failed to amilawelikala99@gmail.com, due to error:- Unauthorized (401)
  Maximum credits exceeded
    null
    null
[2019-02-21T14:18:49.382] [ERROR] error_log - Error:- Unauthorized (401)
  Maximum credits exceeded
    null
    null
[2019-02-21T14:18:49.400] [ERROR] error_log - Email send is failed to amilavidurangawelikala@gmail.com, due to error:- Unauthorized (401)
  Maximum credits exceeded
    null
    null
[2019-02-21T14:18:50.370] [ERROR] error_log - Email send is failed to amilawelikala99@gmail.com, due to error:- Unauthorized (401)
  Maximum credits exceeded
    null
    null
[2019-02-21T14:18:50.371] [ERROR] error_log - Error:- Unauthorized (401)
  Maximum credits exceeded
    null
    null
[2019-02-21T14:18:50.394] [ERROR] error_log - Email send is failed to amilavidurangawelikala@gmail.com, due to error:- Unauthorized (401)
  Maximum credits exceeded
    null
    null
[2019-02-21T14:18:51.404] [ERROR] error_log - Email send is failed to amilawelikala99@gmail.com, due to error:- Unauthorized (401)
  Maximum credits exceeded
    null
    null
[2019-02-21T14:18:51.404] [ERROR] error_log - Error:- Unauthorized (401)
  Maximum credits exceeded
    null
    null
[2019-02-21T14:18:51.542] [ERROR] error_log - Email send is failed to amilavidurangawelikala@gmail.com, due to error:- Unauthorized (401)
  Maximum credits exceeded
    null
    null
[2019-02-21T14:18:52.391] [ERROR] error_log - Email send is failed to amilawelikala99@gmail.com, due to error:- Unauthorized (401)
  Maximum credits exceeded
    null
    null
[2019-02-21T14:18:52.392] [ERROR] error_log - Error:- Unauthorized (401)
  Maximum credits exceeded
    null
    null
[2019-02-21T14:18:52.420] [ERROR] error_log - Email send is failed to amilavidurangawelikala@gmail.com, due to error:- Unauthorized (401)
  Maximum credits exceeded
    null
    null
[2019-02-21T14:18:53.371] [ERROR] error_log - Email send is failed to amilawelikala99@gmail.com, due to error:- Unauthorized (401)
  Maximum credits exceeded
    null
    null
[2019-02-21T14:18:53.371] [ERROR] error_log - Error:- Unauthorized (401)
  Maximum credits exceeded
    null
    null
[2019-02-21T14:18:53.374] [ERROR] error_log - Email send is failed to amilavidurangawelikala@gmail.com, due to error:- Unauthorized (401)
  Maximum credits exceeded
    null
    null
[2019-02-21T14:18:54.383] [ERROR] error_log - Email send is failed to amilavidurangawelikala@gmail.com, due to error:- Unauthorized (401)
  Maximum credits exceeded
    null
    null
[2019-02-21T14:18:54.383] [ERROR] error_log - Error:- Unauthorized (401)
  Maximum credits exceeded
    null
    null
[2019-02-21T14:18:54.384] [ERROR] error_log - Email send is failed to amilawelikala99@gmail.com, due to error:- Unauthorized (401)
  Maximum credits exceeded
    null
    null
[2019-02-21T14:18:55.402] [ERROR] error_log - Email send is failed to amilavidurangawelikala@gmail.com, due to error:- Unauthorized (401)
  Maximum credits exceeded
    null
    null
[2019-02-21T14:18:55.402] [ERROR] error_log - Error:- Unauthorized (401)
  Maximum credits exceeded
    null
    null
[2019-02-21T14:18:55.424] [ERROR] error_log - Email send is failed to amilawelikala99@gmail.com, due to error:- Unauthorized (401)
  Maximum credits exceeded
    null
    null
[2019-02-21T14:18:56.432] [ERROR] error_log - Email send is failed to amilawelikala99@gmail.com, due to error:- Unauthorized (401)
  Maximum credits exceeded
    null
    null
[2019-02-21T14:18:56.432] [ERROR] error_log - Error:- Unauthorized (401)
  Maximum credits exceeded
    null
    null
[2019-02-21T14:18:56.467] [ERROR] error_log - Email send is failed to amilavidurangawelikala@gmail.com, due to error:- Unauthorized (401)
  Maximum credits exceeded
    null
    null
[2019-02-21T14:18:57.426] [ERROR] error_log - Email send is failed to amilawelikala99@gmail.com, due to error:- Unauthorized (401)
  Maximum credits exceeded
    null
    null
[2019-02-21T14:18:57.426] [ERROR] error_log - Error:- Unauthorized (401)
  Maximum credits exceeded
    null
    null
[2019-02-21T14:18:57.441] [ERROR] error_log - Email send is failed to amilavidurangawelikala@gmail.com, due to error:- Unauthorized (401)
  Maximum credits exceeded
    null
    null
[2019-02-21T14:18:58.385] [ERROR] error_log - Email send is failed to amilawelikala99@gmail.com, due to error:- Unauthorized (401)
  Maximum credits exceeded
    null
    null
[2019-02-21T14:18:58.385] [ERROR] error_log - Error:- Unauthorized (401)
  Maximum credits exceeded
    null
    null
[2019-02-21T14:18:58.403] [ERROR] error_log - Email send is failed to amilavidurangawelikala@gmail.com, due to error:- Unauthorized (401)
  Maximum credits exceeded
    null
    null
[2019-02-21T14:18:59.381] [ERROR] error_log - Email send is failed to amilawelikala99@gmail.com, due to error:- Unauthorized (401)
  Maximum credits exceeded
    null
    null
[2019-02-21T14:18:59.381] [ERROR] error_log - Error:- Unauthorized (401)
  Maximum credits exceeded
    null
    null
[2019-02-21T14:18:59.452] [ERROR] error_log - Email send is failed to amilavidurangawelikala@gmail.com, due to error:- Unauthorized (401)
  Maximum credits exceeded
    null
    null
[2019-02-21T14:19:00.424] [ERROR] error_log - Email send is failed to amilavidurangawelikala@gmail.com, due to error:- Unauthorized (401)
  Maximum credits exceeded
    null
    null
[2019-02-21T14:19:00.425] [ERROR] error_log - Error:- Unauthorized (401)
  Maximum credits exceeded
    null
    null
[2019-02-21T14:19:00.436] [ERROR] error_log - Email send is failed to amilawelikala99@gmail.com, due to error:- Unauthorized (401)
  Maximum credits exceeded
    null
    null
[2019-02-21T14:19:01.413] [ERROR] error_log - Email send is failed to amilawelikala99@gmail.com, due to error:- Unauthorized (401)
  Maximum credits exceeded
    null
    null
[2019-02-21T14:19:01.413] [ERROR] error_log - Error:- Unauthorized (401)
  Maximum credits exceeded
    null
    null
[2019-02-21T14:19:01.442] [ERROR] error_log - Email send is failed to amilavidurangawelikala@gmail.com, due to error:- Unauthorized (401)
  Maximum credits exceeded
    null
    null
[2019-02-21T14:19:02.480] [ERROR] error_log - Email send is failed to amilawelikala99@gmail.com, due to error:- Unauthorized (401)
  Maximum credits exceeded
    null
    null
[2019-02-21T14:19:02.481] [ERROR] error_log - Error:- Unauthorized (401)
  Maximum credits exceeded
    null
    null
[2019-02-21T14:19:02.501] [ERROR] error_log - Email send is failed to amilavidurangawelikala@gmail.com, due to error:- Unauthorized (401)
  Maximum credits exceeded
    null
    null
[2019-02-21T14:19:03.383] [ERROR] error_log - Email send is failed to amilavidurangawelikala@gmail.com, due to error:- Unauthorized (401)
  Maximum credits exceeded
    null
    null
[2019-02-21T14:19:03.383] [ERROR] error_log - Error:- Unauthorized (401)
  Maximum credits exceeded
    null
    null
[2019-02-21T14:19:03.383] [ERROR] error_log - Email send is failed to amilawelikala99@gmail.com, due to error:- Unauthorized (401)
  Maximum credits exceeded
    null
    null
[2019-02-21T14:19:04.427] [ERROR] error_log - Email send is failed to amilawelikala99@gmail.com, due to error:- Unauthorized (401)
  Maximum credits exceeded
    null
    null
[2019-02-21T14:19:04.427] [ERROR] error_log - Error:- Unauthorized (401)
  Maximum credits exceeded
    null
    null
[2019-02-21T14:19:04.461] [ERROR] error_log - Email send is failed to amilavidurangawelikala@gmail.com, due to error:- Unauthorized (401)
  Maximum credits exceeded
    null
    null
